#
# There is insufficient memory for the Java Runtime Environment to continue.
# Native memory allocation (malloc) failed to allocate 655536 bytes for Chunk::new
# Possible reasons:
#   The system is out of physical RAM or swap space
#   In 32 bit mode, the process size limit was hit
# Possible solutions:
#   Reduce memory load on the system
#   Increase physical memory or swap space
#   Check if swap backing store is full
#   Use 64 bit Java on a 64 bit OS
#   Decrease Java heap size (-Xmx/-Xms)
#   Decrease number of Java threads
#   Decrease Java thread stack sizes (-Xss)
#   Set larger code cache with -XX:ReservedCodeCacheSize=
# This output file may be truncated or incomplete.
#
#  Out of Memory Error (allocation.cpp:390), pid=27156, tid=0x00000000000058d8
#
# JRE version: Java(TM) SE Runtime Environment (8.0_181-b13) (build 1.8.0_181-b13)
# Java VM: Java HotSpot(TM) 64-Bit Server VM (25.181-b13 mixed mode windows-amd64 compressed oops)
# Failed to write core dump. Minidumps are not enabled by default on client versions of Windows
#

---------------  T H R E A D  ---------------

Current thread (0x000000001f114000):  JavaThread "C2 CompilerThread1" daemon [_thread_in_native, id=22744, stack(0x000000001f960000,0x000000001fa60000)]

Stack: [0x000000001f960000,0x000000001fa60000]
[error occurred during error reporting (printing stack bounds), id 0xc0000005]

Native frames: (J=compiled Java code, j=interpreted, Vv=VM code, C=native code)


Current CompileTask:
C2:   7862 3642       4       org.springframework.core.ResolvableType::forType (115 bytes)


---------------  P R O C E S S  ---------------

Java Threads: ( => current thread )
  0x0000000020382800 JavaThread "Abandoned connection cleanup thread" daemon [_thread_blocked, id=21092, stack(0x0000000023000000,0x0000000023100000)]
  0x000000001f1ca000 JavaThread "Service Thread" daemon [_thread_blocked, id=24252, stack(0x000000001fc60000,0x000000001fd60000)]
  0x000000001f11e000 JavaThread "C1 CompilerThread3" daemon [_thread_blocked, id=22720, stack(0x000000001fb60000,0x000000001fc60000)]
  0x000000001f119800 JavaThread "C2 CompilerThread2" daemon [_thread_in_native, id=25532, stack(0x000000001fa60000,0x000000001fb60000)]
=>0x000000001f114000 JavaThread "C2 CompilerThread1" daemon [_thread_in_native, id=22744, stack(0x000000001f960000,0x000000001fa60000)]
  0x000000001f10b800 JavaThread "C2 CompilerThread0" daemon [_thread_in_native, id=29180, stack(0x000000001f860000,0x000000001f960000)]
  0x000000001f111000 JavaThread "Monitor Ctrl-Break" daemon [_thread_in_native, id=26864, stack(0x000000001f760000,0x000000001f860000)]
  0x000000001f091000 JavaThread "Attach Listener" daemon [_thread_blocked, id=29520, stack(0x000000001f650000,0x000000001f750000)]
  0x000000001f090000 JavaThread "Signal Dispatcher" daemon [_thread_blocked, id=27268, stack(0x000000001f550000,0x000000001f650000)]
  0x000000001f070800 JavaThread "Finalizer" daemon [_thread_blocked, id=28884, stack(0x000000001f450000,0x000000001f550000)]
  0x000000000356e000 JavaThread "Reference Handler" daemon [_thread_blocked, id=5004, stack(0x000000001ef50000,0x000000001f050000)]
  0x0000000003479000 JavaThread "main" [_thread_in_Java, id=21200, stack(0x0000000003370000,0x0000000003470000)]

Other Threads:
  0x000000001d169000 VMThread [stack: 0x000000001ee50000,0x000000001ef50000] [id=26064]
  0x000000001f249000 WatcherThread [stack: 0x000000001fd60000,0x000000001fe60000] [id=13376]

VM state:not at safepoint (normal execution)

VM Mutex/Monitor currently owned by a thread: None

Heap:
 PSYoungGen      total 178176K, used 38377K [0x000000076b380000, 0x0000000779380000, 0x00000007c0000000)
  eden space 164352K, 23% used [0x000000076b380000,0x000000076d8fa590,0x0000000775400000)
  from space 13824K, 0% used [0x0000000776380000,0x0000000776380000,0x0000000777100000)
  to   space 15872K, 0% used [0x0000000775400000,0x0000000775400000,0x0000000776380000)
 ParOldGen       total 154112K, used 18451K [0x00000006c1a00000, 0x00000006cb080000, 0x000000076b380000)
  object space 154112K, 11% used [0x00000006c1a00000,0x00000006c2c04dd8,0x00000006cb080000)
 Metaspace       used 35267K, capacity 36406K, committed 36648K, reserved 1081344K
  class space    used 4602K, capacity 4839K, committed 4912K, reserved 1048576K

Card table byte_map: [0x0000000012b00000,0x0000000013300000] byte_map_base: 0x000000000f4f3000

Marking Bits: (ParMarkBitMap*) 0x0000000074c62d00
 Begin Bits: [0x0000000014050000, 0x0000000017fe8000)
 End Bits:   [0x0000000017fe8000, 0x000000001bf80000)

Polling page: 0x0000000001890000

CodeCache: size=245760Kb used=12857Kb max_used=12861Kb free=232902Kb
 bounds [0x0000000003740000, 0x00000000043e0000, 0x0000000012740000]
 total_blobs=3899 nmethods=3449 adapters=362
 compilation: enabled

Compilation events (10 events):
Event: 7.794 Thread 0x000000001f11e000 3658       3       org.springframework.util.ReflectionUtils$$Lambda$174/881662115::<init> (10 bytes)
Event: 7.794 Thread 0x000000001f11e000 nmethod 3658 0x00000000043bdd90 code [0x00000000043bdee0, 0x00000000043be0b0]
Event: 7.799 Thread 0x000000001f11e000 3659       3       org.springframework.util.ReflectionUtils::getAllDeclaredMethods (39 bytes)
Event: 7.800 Thread 0x000000001f11e000 nmethod 3659 0x00000000043be150 code [0x00000000043be320, 0x00000000043beba8]
Event: 7.800 Thread 0x000000001f11e000 3660       3       java.util.LinkedList::addAll (10 bytes)
Event: 7.800 Thread 0x000000001f11e000 nmethod 3660 0x00000000043bef50 code [0x00000000043bf0c0, 0x00000000043bf268]
Event: 7.804 Thread 0x000000001f11e000 3662   !   3       org.springframework.util.ReflectionUtils::doWithFields (128 bytes)
Event: 7.806 Thread 0x000000001f11e000 nmethod 3662 0x00000000043bf310 code [0x00000000043bf5e0, 0x00000000043c0b98]
Event: 7.806 Thread 0x000000001f11e000 3661       3       org.springframework.util.ReflectionUtils::doWithFields (7 bytes)
Event: 7.806 Thread 0x000000001f11e000 nmethod 3661 0x00000000043c1710 code [0x00000000043c1880, 0x00000000043c19e8]

GC Heap History (10 events):
Event: 3.532 GC heap before
{Heap before GC invocations=4 (full 1):
 PSYoungGen      total 76288K, used 6796K [0x000000076b380000, 0x0000000774880000, 0x00000007c0000000)
  eden space 65536K, 0% used [0x000000076b380000,0x000000076b380000,0x000000076f380000)
  from space 10752K, 63% used [0x000000076f380000,0x000000076fa23278,0x000000076fe00000)
  to   space 10752K, 0% used [0x0000000773e00000,0x0000000773e00000,0x0000000774880000)
 ParOldGen       total 175104K, used 32K [0x00000006c1a00000, 0x00000006cc500000, 0x000000076b380000)
  object space 175104K, 0% used [0x00000006c1a00000,0x00000006c1a08000,0x00000006cc500000)
 Metaspace       used 20602K, capacity 21194K, committed 21296K, reserved 1067008K
  class space    used 2656K, capacity 2835K, committed 2864K, reserved 1048576K
Event: 3.594 GC heap after
Heap after GC invocations=4 (full 1):
 PSYoungGen      total 76288K, used 0K [0x000000076b380000, 0x0000000774880000, 0x00000007c0000000)
  eden space 65536K, 0% used [0x000000076b380000,0x000000076b380000,0x000000076f380000)
  from space 10752K, 0% used [0x000000076f380000,0x000000076f380000,0x000000076fe00000)
  to   space 10752K, 0% used [0x0000000773e00000,0x0000000773e00000,0x0000000774880000)
 ParOldGen       total 95744K, used 6606K [0x00000006c1a00000, 0x00000006c7780000, 0x000000076b380000)
  object space 95744K, 6% used [0x00000006c1a00000,0x00000006c2073980,0x00000006c7780000)
 Metaspace       used 20602K, capacity 21194K, committed 21296K, reserved 1067008K
  class space    used 2656K, capacity 2835K, committed 2864K, reserved 1048576K
}
Event: 4.398 GC heap before
{Heap before GC invocations=5 (full 1):
 PSYoungGen      total 76288K, used 65536K [0x000000076b380000, 0x0000000774880000, 0x00000007c0000000)
  eden space 65536K, 100% used [0x000000076b380000,0x000000076f380000,0x000000076f380000)
  from space 10752K, 0% used [0x000000076f380000,0x000000076f380000,0x000000076fe00000)
  to   space 10752K, 0% used [0x0000000773e00000,0x0000000773e00000,0x0000000774880000)
 ParOldGen       total 95744K, used 6606K [0x00000006c1a00000, 0x00000006c7780000, 0x000000076b380000)
  object space 95744K, 6% used [0x00000006c1a00000,0x00000006c2073980,0x00000006c7780000)
 Metaspace       used 25090K, capacity 25822K, committed 26032K, reserved 1071104K
  class space    used 3231K, capacity 3409K, committed 3504K, reserved 1048576K
Event: 4.415 GC heap after
Heap after GC invocations=5 (full 1):
 PSYoungGen      total 114176K, used 7943K [0x000000076b380000, 0x0000000774600000, 0x00000007c0000000)
  eden space 105984K, 0% used [0x000000076b380000,0x000000076b380000,0x0000000771b00000)
  from space 8192K, 96% used [0x0000000773e00000,0x00000007745c1f38,0x0000000774600000)
  to   space 10752K, 0% used [0x0000000773100000,0x0000000773100000,0x0000000773b80000)
 ParOldGen       total 95744K, used 6606K [0x00000006c1a00000, 0x00000006c7780000, 0x000000076b380000)
  object space 95744K, 6% used [0x00000006c1a00000,0x00000006c2073980,0x00000006c7780000)
 Metaspace       used 25090K, capacity 25822K, committed 26032K, reserved 1071104K
  class space    used 3231K, capacity 3409K, committed 3504K, reserved 1048576K
}
Event: 6.193 GC heap before
{Heap before GC invocations=6 (full 1):
 PSYoungGen      total 114176K, used 113927K [0x000000076b380000, 0x0000000774600000, 0x00000007c0000000)
  eden space 105984K, 100% used [0x000000076b380000,0x0000000771b00000,0x0000000771b00000)
  from space 8192K, 96% used [0x0000000773e00000,0x00000007745c1f38,0x0000000774600000)
  to   space 10752K, 0% used [0x0000000773100000,0x0000000773100000,0x0000000773b80000)
 ParOldGen       total 95744K, used 6606K [0x00000006c1a00000, 0x00000006c7780000, 0x000000076b380000)
  object space 95744K, 6% used [0x00000006c1a00000,0x00000006c2073980,0x00000006c7780000)
 Metaspace       used 30316K, capacity 31242K, committed 31280K, reserved 1077248K
  class space    used 3932K, capacity 4143K, committed 4144K, reserved 1048576K
Event: 6.207 GC heap after
Heap after GC invocations=6 (full 1):
 PSYoungGen      total 139264K, used 10735K [0x000000076b380000, 0x0000000777100000, 0x00000007c0000000)
  eden space 128512K, 0% used [0x000000076b380000,0x000000076b380000,0x0000000773100000)
  from space 10752K, 99% used [0x0000000773100000,0x0000000773b7be20,0x0000000773b80000)
  to   space 13824K, 0% used [0x0000000776380000,0x0000000776380000,0x0000000777100000)
 ParOldGen       total 95744K, used 10413K [0x00000006c1a00000, 0x00000006c7780000, 0x000000076b380000)
  object space 95744K, 10% used [0x00000006c1a00000,0x00000006c242b7f0,0x00000006c7780000)
 Metaspace       used 30316K, capacity 31242K, committed 31280K, reserved 1077248K
  class space    used 3932K, capacity 4143K, committed 4144K, reserved 1048576K
}
Event: 7.235 GC heap before
{Heap before GC invocations=7 (full 1):
 PSYoungGen      total 139264K, used 82716K [0x000000076b380000, 0x0000000777100000, 0x00000007c0000000)
  eden space 128512K, 56% used [0x000000076b380000,0x000000076f9cb3a8,0x0000000773100000)
  from space 10752K, 99% used [0x0000000773100000,0x0000000773b7be20,0x0000000773b80000)
  to   space 13824K, 0% used [0x0000000776380000,0x0000000776380000,0x0000000777100000)
 ParOldGen       total 95744K, used 10413K [0x00000006c1a00000, 0x00000006c7780000, 0x000000076b380000)
  object space 95744K, 10% used [0x00000006c1a00000,0x00000006c242b7f0,0x00000006c7780000)
 Metaspace       used 34307K, capacity 35346K, committed 35496K, reserved 1079296K
  class space    used 4485K, capacity 4707K, committed 4784K, reserved 1048576K
Event: 7.247 GC heap after
Heap after GC invocations=7 (full 1):
 PSYoungGen      total 178176K, used 13798K [0x000000076b380000, 0x0000000779380000, 0x00000007c0000000)
  eden space 164352K, 0% used [0x000000076b380000,0x000000076b380000,0x0000000775400000)
  from space 13824K, 99% used [0x0000000776380000,0x00000007770f9868,0x0000000777100000)
  to   space 15872K, 0% used [0x0000000775400000,0x0000000775400000,0x0000000776380000)
 ParOldGen       total 95744K, used 10507K [0x00000006c1a00000, 0x00000006c7780000, 0x000000076b380000)
  object space 95744K, 10% used [0x00000006c1a00000,0x00000006c2442e08,0x00000006c7780000)
 Metaspace       used 34307K, capacity 35346K, committed 35496K, reserved 1079296K
  class space    used 4485K, capacity 4707K, committed 4784K, reserved 1048576K
}
Event: 7.247 GC heap before
{Heap before GC invocations=8 (full 2):
 PSYoungGen      total 178176K, used 13798K [0x000000076b380000, 0x0000000779380000, 0x00000007c0000000)
  eden space 164352K, 0% used [0x000000076b380000,0x000000076b380000,0x0000000775400000)
  from space 13824K, 99% used [0x0000000776380000,0x00000007770f9868,0x0000000777100000)
  to   space 15872K, 0% used [0x0000000775400000,0x0000000775400000,0x0000000776380000)
 ParOldGen       total 95744K, used 10507K [0x00000006c1a00000, 0x00000006c7780000, 0x000000076b380000)
  object space 95744K, 10% used [0x00000006c1a00000,0x00000006c2442e08,0x00000006c7780000)
 Metaspace       used 34307K, capacity 35346K, committed 35496K, reserved 1079296K
  class space    used 4485K, capacity 4707K, committed 4784K, reserved 1048576K
Event: 7.325 GC heap after
Heap after GC invocations=8 (full 2):
 PSYoungGen      total 178176K, used 0K [0x000000076b380000, 0x0000000779380000, 0x00000007c0000000)
  eden space 164352K, 0% used [0x000000076b380000,0x000000076b380000,0x0000000775400000)
  from space 13824K, 0% used [0x0000000776380000,0x0000000776380000,0x0000000777100000)
  to   space 15872K, 0% used [0x0000000775400000,0x0000000775400000,0x0000000776380000)
 ParOldGen       total 154112K, used 18451K [0x00000006c1a00000, 0x00000006cb080000, 0x000000076b380000)
  object space 154112K, 11% used [0x00000006c1a00000,0x00000006c2c04dd8,0x00000006cb080000)
 Metaspace       used 34307K, capacity 35346K, committed 35496K, reserved 1079296K
  class space    used 4485K, capacity 4707K, committed 4784K, reserved 1048576K
}

Deoptimization events (10 events):
Event: 6.857 Thread 0x0000000003479000 Uncommon trap: reason=unstable_if action=reinterpret pc=0x000000000427c678 method=org.springframework.beans.factory.support.AbstractBeanFactory.isTypeMatch(Ljava/lang/String;Lorg/springframework/core/ResolvableType;)Z @ 415
Event: 6.878 Thread 0x0000000003479000 Uncommon trap: reason=class_check action=maybe_recompile pc=0x0000000003f043c4 method=java.util.concurrent.ConcurrentHashMap.putVal(Ljava/lang/Object;Ljava/lang/Object;Z)Ljava/lang/Object; @ 192
Event: 6.914 Thread 0x0000000003479000 Uncommon trap: reason=unstable_if action=reinterpret pc=0x000000000393dd10 method=java.lang.AbstractStringBuilder.append(Ljava/lang/String;)Ljava/lang/AbstractStringBuilder; @ 1
Event: 7.085 Thread 0x0000000003479000 Uncommon trap: reason=null_check action=make_not_entrant pc=0x0000000003b176f0 method=org.springframework.util.ClassUtils.isAssignable(Ljava/lang/Class;Ljava/lang/Class;)Z @ 14
Event: 7.106 Thread 0x0000000003479000 Uncommon trap: reason=unstable_if action=reinterpret pc=0x00000000042dbf54 method=com.sun.org.apache.xerces.internal.impl.XMLEntityScanner.skipSpaces()Z @ 273
Event: 7.393 Thread 0x0000000003479000 Uncommon trap: reason=unstable_if action=reinterpret pc=0x00000000040b0018 method=org.springframework.asm.ClassReader.readCode(Lorg/springframework/asm/MethodVisitor;Lorg/springframework/asm/Context;I)V @ 830
Event: 7.406 Thread 0x0000000003479000 Uncommon trap: reason=unstable_if action=reinterpret pc=0x0000000003cc08b0 method=sun.reflect.annotation.AnnotationInvocationHandler.equalsImpl(Ljava/lang/Object;)Ljava/lang/Boolean; @ 142
Event: 7.428 Thread 0x0000000003479000 Uncommon trap: reason=unstable_if action=reinterpret pc=0x0000000003f59868 method=org.springframework.util.ConcurrentReferenceHashMap$Segment.findInChain(Lorg/springframework/util/ConcurrentReferenceHashMap$Reference;Ljava/lang/Object;I)Lorg/springframewo
Event: 7.429 Thread 0x0000000003479000 Uncommon trap: reason=unstable_if action=reinterpret pc=0x0000000003f336dc method=org.springframework.util.ConcurrentReferenceHashMap$Segment.findInChain(Lorg/springframework/util/ConcurrentReferenceHashMap$Reference;Ljava/lang/Object;I)Lorg/springframewo
Event: 7.433 Thread 0x0000000003479000 Uncommon trap: reason=unstable_if action=reinterpret pc=0x00000000042b04c4 method=java.lang.Class.searchMethods([Ljava/lang/reflect/Method;Ljava/lang/String;[Ljava/lang/Class;)Ljava/lang/reflect/Method; @ 47

Classes redefined (0 events):
No events

Internal exceptions (10 events):
Event: 7.792 Thread 0x0000000003479000 Exception <a 'java/lang/ClassNotFoundException': springfox/documentation/spring/web/readers/operation/OperationResponseClassReaderCustomizer> (0x000000076d323738) thrown at [C:\re\workspace\8-2-build-windows-amd64-cygwin\jdk8u181\11358\hotspot\src\share\v
Event: 7.793 Thread 0x0000000003479000 Exception <a 'java/lang/ClassNotFoundException': springfox/documentation/spi/service/OperationBuilderPluginCustomizer> (0x000000076d346e80) thrown at [C:\re\workspace\8-2-build-windows-amd64-cygwin\jdk8u181\11358\hotspot\src\share\vm\classfile\systemDicti
Event: 7.795 Thread 0x0000000003479000 Exception <a 'java/lang/ClassNotFoundException': java/lang/ObjectCustomizer> (0x000000076d357d30) thrown at [C:\re\workspace\8-2-build-windows-amd64-cygwin\jdk8u181\11358\hotspot\src\share\vm\classfile\systemDictionary.cpp, line 210]
Event: 7.797 Thread 0x0000000003479000 Exception <a 'java/lang/ClassNotFoundException': springfox/documentation/spring/web/readers/parameter/ParameterMultiplesReaderCustomizer> (0x000000076d381908) thrown at [C:\re\workspace\8-2-build-windows-amd64-cygwin\jdk8u181\11358\hotspot\src\share\vm\cl
Event: 7.798 Thread 0x0000000003479000 Exception <a 'java/lang/ClassNotFoundException': springfox/documentation/spi/service/ParameterBuilderPluginCustomizer> (0x000000076d3a5fe0) thrown at [C:\re\workspace\8-2-build-windows-amd64-cygwin\jdk8u181\11358\hotspot\src\share\vm\classfile\systemDicti
Event: 7.800 Thread 0x0000000003479000 Exception <a 'java/lang/ClassNotFoundException': java/lang/ObjectCustomizer> (0x000000076d3b7788) thrown at [C:\re\workspace\8-2-build-windows-amd64-cygwin\jdk8u181\11358\hotspot\src\share\vm\classfile\systemDictionary.cpp, line 210]
Event: 7.802 Thread 0x0000000003479000 Exception <a 'java/lang/ClassNotFoundException': springfox/documentation/spring/web/readers/parameter/ParameterTypeReaderCustomizer> (0x000000076d3df020) thrown at [C:\re\workspace\8-2-build-windows-amd64-cygwin\jdk8u181\11358\hotspot\src\share\vm\classfi
Event: 7.804 Thread 0x0000000003479000 Exception <a 'java/lang/ClassNotFoundException': springfox/documentation/spi/service/ParameterBuilderPluginCustomizer> (0x000000076d402ef0) thrown at [C:\re\workspace\8-2-build-windows-amd64-cygwin\jdk8u181\11358\hotspot\src\share\vm\classfile\systemDicti
Event: 7.811 Thread 0x0000000003479000 Exception <a 'java/lang/ClassNotFoundException': java/lang/ObjectCustomizer> (0x000000076d44d380) thrown at [C:\re\workspace\8-2-build-windows-amd64-cygwin\jdk8u181\11358\hotspot\src\share\vm\classfile\systemDictionary.cpp, line 210]
Event: 7.812 Thread 0x0000000003479000 Exception <a 'java/lang/ClassNotFoundException': springfox/documentation/spring/web/SpringfoxWebMvcConfigurationCustomizer> (0x000000076d472988) thrown at [C:\re\workspace\8-2-build-windows-amd64-cygwin\jdk8u181\11358\hotspot\src\share\vm\classfile\system

Events (10 events):
Event: 7.810 loading class java/lang/ObjectCustomizer
Event: 7.810 loading class java/lang/ObjectCustomizer done
Event: 7.811 loading class java/lang/ObjectCustomizer
Event: 7.811 loading class java/lang/ObjectCustomizer done
Event: 7.811 loading class springfox/documentation/spring/web/SpringfoxWebMvcConfigurationCustomizer
Event: 7.811 loading class springfox/documentation/spring/web/SpringfoxWebMvcConfigurationCustomizer done
Event: 7.811 loading class springfox/documentation/spring/web/SpringfoxWebMvcConfigurationCustomizer
Event: 7.811 loading class springfox/documentation/spring/web/SpringfoxWebMvcConfigurationCustomizer done
Event: 7.812 loading class springfox/documentation/spring/web/SpringfoxWebMvcConfigurationCustomizer
Event: 7.812 loading class springfox/documentation/spring/web/SpringfoxWebMvcConfigurationCustomizer done


Dynamic libraries:
0x00007ff6ec460000 - 0x00007ff6ec497000 	C:\Program Files\Java\jdk1.8.0_181\bin\java.exe
0x00007ff88e780000 - 0x00007ff88e94f000 	C:\Windows\SYSTEM32\ntdll.dll
0x00007ff88c460000 - 0x00007ff88c50d000 	C:\Windows\System32\KERNEL32.DLL
0x00007ff88ae80000 - 0x00007ff88b09e000 	C:\Windows\System32\KERNELBASE.dll
0x00007ff88e6d0000 - 0x00007ff88e776000 	C:\Windows\System32\ADVAPI32.dll
0x00007ff88c800000 - 0x00007ff88c89e000 	C:\Windows\System32\msvcrt.dll
0x00007ff88bb60000 - 0x00007ff88bbbb000 	C:\Windows\System32\sechost.dll
0x00007ff88bdd0000 - 0x00007ff88beed000 	C:\Windows\System32\RPCRT4.dll
0x00007ff88c1f0000 - 0x00007ff88c356000 	C:\Windows\System32\USER32.dll
0x00007ff88b7f0000 - 0x00007ff88b80e000 	C:\Windows\System32\win32u.dll
0x00007ff88bf10000 - 0x00007ff88bf44000 	C:\Windows\System32\GDI32.dll
0x00007ff88aa00000 - 0x00007ff88ab84000 	C:\Windows\System32\gdi32full.dll
0x00007ff87f720000 - 0x00007ff87f99a000 	C:\Windows\WinSxS\amd64_microsoft.windows.common-controls_6595b64144ccf1df_6.0.14393.4169_none_7de0bbf28341b1f2\COMCTL32.dll
0x00007ff88c530000 - 0x00007ff88c7f6000 	C:\Windows\System32\combase.dll
0x00007ff88ba10000 - 0x00007ff88bb04000 	C:\Windows\System32\ucrtbase.dll
0x00007ff88b0a0000 - 0x00007ff88b10c000 	C:\Windows\System32\bcryptPrimitives.dll
0x00007ff88bcf0000 - 0x00007ff88bd1e000 	C:\Windows\System32\IMM32.DLL
0x0000000076d70000 - 0x0000000076d7c000 	F:\Program Files (x86)\360\360Safe\safemon\SafeWrapper.dll
0x00007ff87d250000 - 0x00007ff87d2e6000 	F:\Program Files (x86)\360\360Safe\safemon\libzdtp64.dll
0x00007ff88c920000 - 0x00007ff88de26000 	C:\Windows\System32\SHELL32.dll
0x00007ff88b8c0000 - 0x00007ff88b902000 	C:\Windows\System32\cfgmgr32.dll
0x00007ff88b110000 - 0x00007ff88b7e6000 	C:\Windows\System32\windows.storage.dll
0x00007ff88bb10000 - 0x00007ff88bb5c000 	C:\Windows\System32\powrprof.dll
0x00007ff88e5a0000 - 0x00007ff88e5f2000 	C:\Windows\System32\shlwapi.dll
0x00007ff88a9f0000 - 0x00007ff88a9ff000 	C:\Windows\System32\kernel.appcore.dll
0x00007ff88b810000 - 0x00007ff88b8b8000 	C:\Windows\System32\shcore.dll
0x00007ff88a9c0000 - 0x00007ff88a9d4000 	C:\Windows\System32\profapi.dll
0x00007ff88a630000 - 0x00007ff88a63a000 	C:\Windows\SYSTEM32\VERSION.dll
0x0000000074cf0000 - 0x0000000074dc2000 	C:\Program Files\Java\jdk1.8.0_181\jre\bin\msvcr100.dll
0x0000000074440000 - 0x0000000074ce2000 	C:\Program Files\Java\jdk1.8.0_181\jre\bin\server\jvm.dll
0x00007ff88ab90000 - 0x00007ff88abb3000 	C:\Windows\System32\WINMM.dll
0x00007ff88a990000 - 0x00007ff88a9bb000 	C:\Windows\System32\WINMMBASE.dll
0x00007ff88bdc0000 - 0x00007ff88bdc8000 	C:\Windows\System32\PSAPI.DLL
0x00007ff87cc20000 - 0x00007ff87cc29000 	C:\Windows\SYSTEM32\WSOCK32.dll
0x00007ff88c8b0000 - 0x00007ff88c91a000 	C:\Windows\System32\WS2_32.dll
0x0000000074430000 - 0x000000007443f000 	C:\Program Files\Java\jdk1.8.0_181\jre\bin\verify.dll
0x0000000074400000 - 0x0000000074429000 	C:\Program Files\Java\jdk1.8.0_181\jre\bin\java.dll
0x00000000743b0000 - 0x00000000743d3000 	C:\Program Files\Java\jdk1.8.0_181\jre\bin\instrument.dll
0x00000000743e0000 - 0x00000000743f6000 	C:\Program Files\Java\jdk1.8.0_181\jre\bin\zip.dll
0x00007ff86ef00000 - 0x00007ff86ef1a000 	F:\Program Files\JetBrains\IntelliJ IDEA 2019.3.4\bin\breakgen64.dll
0x0000000073fb0000 - 0x0000000073fca000 	C:\Program Files\Java\jdk1.8.0_181\jre\bin\net.dll
0x00007ff88a240000 - 0x00007ff88a29d000 	C:\Windows\system32\mswsock.dll
0x0000000073f90000 - 0x0000000073fa1000 	C:\Program Files\Java\jdk1.8.0_181\jre\bin\nio.dll
0x00000000743a0000 - 0x00000000743ad000 	C:\Program Files\Java\jdk1.8.0_181\jre\bin\management.dll
0x00007ff87dd70000 - 0x00007ff87ddbb000 	C:\Program Files (x86)\Sangfor\SSL\ClientComponent5\SangforNspX64.dll
0x00007ff88ded0000 - 0x00007ff88e009000 	C:\Windows\System32\ole32.dll
0x00007ff88e610000 - 0x00007ff88e6d0000 	C:\Windows\System32\OLEAUT32.dll
0x00007ff88b910000 - 0x00007ff88b9ac000 	C:\Windows\System32\msvcp_win.dll
0x00007ff87a230000 - 0x00007ff87a246000 	C:\Windows\system32\napinsp.dll
0x00007ff87a1b0000 - 0x00007ff87a1ca000 	C:\Windows\system32\pnrpnsp.dll
0x00007ff8884f0000 - 0x00007ff888508000 	C:\Windows\system32\NLAapi.dll
0x00007ff889fb0000 - 0x00007ff88a052000 	C:\Windows\SYSTEM32\DNSAPI.dll
0x00007ff88e600000 - 0x00007ff88e608000 	C:\Windows\System32\NSI.dll
0x00007ff889f70000 - 0x00007ff889fa8000 	C:\Windows\SYSTEM32\IPHLPAPI.DLL
0x00007ff87a150000 - 0x00007ff87a15e000 	C:\Windows\System32\winrnr.dll
0x00007ff87a100000 - 0x00007ff87a115000 	C:\Windows\System32\wshbth.dll
0x0000000076d80000 - 0x0000000076da6000 	C:\Program Files\Bonjour\mdnsNSP.dll
0x00007ff87d7b0000 - 0x00007ff87d7ba000 	C:\Windows\System32\rasadhlp.dll
0x00007ff882e80000 - 0x00007ff882eea000 	C:\Windows\System32\fwpuclnt.dll
0x00007ff88a500000 - 0x00007ff88a52b000 	C:\Windows\SYSTEM32\bcrypt.dll

VM Arguments:
jvm_args: -ea -Didea.test.cyclic.buffer.size=1048576 -javaagent:F:\Program Files\JetBrains\IntelliJ IDEA 2019.3.4\lib\idea_rt.jar=30709:F:\Program Files\JetBrains\IntelliJ IDEA 2019.3.4\bin -Dfile.encoding=UTF-8 
java_command: com.intellij.rt.junit.JUnitStarter -ideVersion5 -junit4 com.pjb.springbootjjwt.SpringbootJjwtApplicationTests,contextLoads
java_class_path (initial): F:\Program Files\JetBrains\IntelliJ IDEA 2019.3.4\lib\idea_rt.jar;F:\Program Files\JetBrains\IntelliJ IDEA 2019.3.4\plugins\junit\lib\junit5-rt.jar;F:\Program Files\JetBrains\IntelliJ IDEA 2019.3.4\plugins\junit\lib\junit-rt.jar;C:\Program Files\Java\jdk1.8.0_181\jre\lib\charsets.jar;C:\Program Files\Java\jdk1.8.0_181\jre\lib\deploy.jar;C:\Program Files\Java\jdk1.8.0_181\jre\lib\ext\access-bridge-64.jar;C:\Program Files\Java\jdk1.8.0_181\jre\lib\ext\cldrdata.jar;C:\Program Files\Java\jdk1.8.0_181\jre\lib\ext\dnsns.jar;C:\Program Files\Java\jdk1.8.0_181\jre\lib\ext\jaccess.jar;C:\Program Files\Java\jdk1.8.0_181\jre\lib\ext\jfxrt.jar;C:\Program Files\Java\jdk1.8.0_181\jre\lib\ext\localedata.jar;C:\Program Files\Java\jdk1.8.0_181\jre\lib\ext\nashorn.jar;C:\Program Files\Java\jdk1.8.0_181\jre\lib\ext\sunec.jar;C:\Program Files\Java\jdk1.8.0_181\jre\lib\ext\sunjce_provider.jar;C:\Program Files\Java\jdk1.8.0_181\jre\lib\ext\sunmscapi.jar;C:\Program Files\Java\jdk1.8.0_181\jre\lib\ext\sunpkcs11.jar;C:\Program Files\Java\jdk1.8.0_181\jre\lib\ext\zipfs.jar;C:\Program Files\Java\jdk1.8.0_181\jre\lib\javaws.jar;C:\Program Files\Java\jdk1.8.0_181\jre\lib\jce.jar;C:\Program Files\Java\jdk1.8.0_181\jre\lib\jfr.jar;C:\Program Files\Java\jdk1.8.0_181\jre\lib\jfxswt.jar;C:\Program Files\Java\jdk1.8.0_181\jre\lib\jsse.jar;C:\Program Files\Java\jdk1.8.0_181\jre\lib\management-agent.jar;C:\Program Files\Java\jdk1.8.0_181\jre\lib\plugin.jar;C:\Program Files\Java\jdk1.8.0_181\jre\lib\resources.jar;C:\Program Files\Java\jdk1.8.0_181\jre\lib\rt.jar;I:\JetBrains\learn\pagsGithub\jwt\jwt\target\test-classes;I:\JetBrains\learn\pagsGithub\jwt\jwt\target\classes;I:\maven.m2\repository\org\springframework\boot\spring-boot-starter-web\2.0.3.RELEASE\spring-boot-starter-web-2.0.3.RELEASE.jar;I:\maven.m2\repository\org\springframework\boot\spring-boot-starter\2.0.3.RELEASE\spring-boot-starter-2.0.3.RELEASE.jar;I:\maven.m2\repository\org\springframework\boot\spring-boot\2
Launcher Type: SUN_STANDARD

Environment Variables:
JAVA_HOME=C:\Program Files\Java\jdk1.8.0_181
CLASSPATH=.;C:\Program Files\Java\jdk1.8.0_181\lib;C:\Program Files\Java\jdk1.8.0_181\lib\tools.jar;
PATH=C:\Program Files\Common Files\Oracle\Java\javapath;F:\Program Files\Anaconda3;F:\Program Files\Anaconda3\Library\mingw-w64\bin;F:\Program Files\Anaconda3\Library\usr\bin;F:\Program Files\Anaconda3\Library\bin;F:\Program Files\Anaconda3\Scripts;f:\app\Administrator\product\11.2.0\dbhome_1\bin;C:\Program Files\Java\jdk1.8.0_181\bin;C:\Program Files\Java\jdk1.8.0_181\jre\bin;C:\Program Files (x86)\Common Files\Oracle\Java\javapath;F:\Program Files\tcl\bin;C:\ProgramData\Oracle\Java\javapath;F:\Program Files (x86)\Python36-32\Scripts\;F:\Program Files (x86)\Python36-32\;F:\Program Files\Python36\Scripts\;F:\Program Files\Python36\;C:\Windows\system32;C:\Windows;C:\Windows\System32\Wbem;C:\Windows\System32\WindowsPowerShell\v1.0\;C:\Program Files\Microsoft\Web Platform Installer\;C:\Program Files (x86)\Microsoft ASP.NET\ASP.NET Web Pages\v1.0\;C:\Program Files (x86)\Windows Kits\8.0\Windows Performance Toolkit\;C:\Program Files\Microsoft SQL Server\110\Tools\Binn\;C:\Program Files (x86)\Microsoft SQL Server\110\DTS\Binn\;C:\Program Files (x86)\Microsoft SQL Server\110\Tools\Binn\;C:\Program Files (x86)\Microsoft SQL Server\110\Tools\Binn\ManagementStudio\;C:\Program Files (x86)\Microsoft Visual Studio 10.0\Common7\IDE\PrivateAssemblies\;C:\Program Files\MySQL\MySQL Server 5.7\bin;F:\Program Files (x86)\Microsoft VS Code\bin;F:\Program Files\nodejs1\;F:\Program Files (x86)\scala\bin;I:\maven.m2\apache-maven-3.5.3\bin;F:\Program Files\TortoiseGit\bin;f:\Program Files\Git\cmd;F:\mysql-8.0.27-winx64\bin;F:\Program Files\TortoiseSVN\bin;C:\Users\Administrator\AppData\Local\Microsoft\WindowsApps;C:\Users\Administrator\AppData\Local\atom\bin;C:\Users\Administrator\AppData\Roaming\npm;f:\Program Files\Huawei\DevEco Studio 2.1.0.501\bin;;C:\Program Files\OpenSSH
USERNAME=Administrator
OS=Windows_NT
PROCESSOR_IDENTIFIER=Intel64 Family 6 Model 94 Stepping 3, GenuineIntel



---------------  S Y S T E M  ---------------

OS: Windows 10.0 , 64 bit Build 14393 (10.0.14393.5427)

CPU:total 8 (initial active 8) (4 cores per cpu, 2 threads per core) family 6 model 94 stepping 3, cmov, cx8, fxsr, mmx, sse, sse2, sse3, ssse3, sse4.1, sse4.2, popcnt, avx, avx2, aes, clmul, erms, rtm, 3dnowpref, lzcnt, ht, tsc, tscinvbit, bmi1, bmi2, adx

Memory: 4k page, physical 16664448k(6362380k free), swap 29771772k(9024k free)

vm_info: Java HotSpot(TM) 64-Bit Server VM (25.181-b13) for windows-amd64 JRE (1.8.0_181-b13), built on Jul  7 2018 04:01:33 by "java_re" with MS VC++ 10.0 (VS2010)

time: Fri Oct 28 16:48:14 2022
elapsed time: 7 seconds (0d 0h 0m 7s)

